{"D:\\OSPanel\\home\\Smart Finance Tracker\\src\\services\\aiFinanceService.js": {"path":"D:\\OSPanel\\home\\Smart Finance Tracker\\src\\services\\aiFinanceService.js","statementMap":{"0":{"start":{"line":6,"column":19},"end":{"line":6,"column":49}},"1":{"start":{"line":8,"column":16},"end":{"line":8,"column":26}},"2":{"start":{"line":9,"column":25},"end":{"line":9,"column":43}},"3":{"start":{"line":10,"column":24},"end":{"line":10,"column":41}},"4":{"start":{"line":12,"column":21},"end":{"line":12,"column":71}},"5":{"start":{"line":13,"column":22},"end":{"line":13,"column":45}},"6":{"start":{"line":14,"column":21},"end":{"line":14,"column":43}},"7":{"start":{"line":16,"column":26},"end":{"line":16,"column":110}},"8":{"start":{"line":17,"column":27},"end":{"line":17,"column":112}},"9":{"start":{"line":19,"column":23},"end":{"line":19,"column":101}},"10":{"start":{"line":20,"column":24},"end":{"line":20,"column":103}},"11":{"start":{"line":22,"column":22},"end":{"line":22,"column":112}},"12":{"start":{"line":23,"column":25},"end":{"line":23,"column":110}},"13":{"start":{"line":24,"column":23},"end":{"line":24,"column":76}},"14":{"start":{"line":26,"column":4},"end":{"line":69,"column":null}},"15":{"start":{"line":27,"column":6},"end":{"line":68,"column":null}},"16":{"start":{"line":28,"column":23},"end":{"line":28,"column":45}},"17":{"start":{"line":29,"column":23},"end":{"line":45,"column":2}},"18":{"start":{"line":47,"column":25},"end":{"line":54,"column":10}},"19":{"start":{"line":56,"column":24},"end":{"line":56,"column":61}},"20":{"start":{"line":57,"column":8},"end":{"line":65,"column":null}},"21":{"start":{"line":58,"column":23},"end":{"line":58,"column":42}},"22":{"start":{"line":59,"column":10},"end":{"line":64,"column":null}},"23":{"start":{"line":67,"column":8},"end":{"line":67,"column":null}},"24":{"start":{"line":72,"column":4},"end":{"line":81,"column":null}},"25":{"start":{"line":94,"column":16},"end":{"line":94,"column":18}},"26":{"start":{"line":95,"column":24},"end":{"line":95,"column":104}},"27":{"start":{"line":97,"column":4},"end":{"line":99,"column":null}},"28":{"start":{"line":97,"column":27},"end":{"line":97,"column":null}},"29":{"start":{"line":98,"column":9},"end":{"line":99,"column":null}},"30":{"start":{"line":98,"column":32},"end":{"line":98,"column":null}},"31":{"start":{"line":99,"column":9},"end":{"line":99,"column":null}},"32":{"start":{"line":99,"column":30},"end":{"line":99,"column":null}},"33":{"start":{"line":101,"column":4},"end":{"line":103,"column":null}},"34":{"start":{"line":101,"column":52},"end":{"line":101,"column":null}},"35":{"start":{"line":102,"column":9},"end":{"line":103,"column":null}},"36":{"start":{"line":102,"column":56},"end":{"line":102,"column":null}},"37":{"start":{"line":103,"column":9},"end":{"line":103,"column":null}},"38":{"start":{"line":105,"column":4},"end":{"line":105,"column":null}},"39":{"start":{"line":107,"column":22},"end":{"line":107,"column":24}},"40":{"start":{"line":108,"column":4},"end":{"line":110,"column":null}},"41":{"start":{"line":109,"column":6},"end":{"line":109,"column":null}},"42":{"start":{"line":112,"column":4},"end":{"line":115,"column":null}},"43":{"start":{"line":113,"column":19},"end":{"line":113,"column":83}},"44":{"start":{"line":114,"column":6},"end":{"line":114,"column":null}},"45":{"start":{"line":117,"column":24},"end":{"line":117,"column":47}},"46":{"start":{"line":118,"column":4},"end":{"line":120,"column":null}},"47":{"start":{"line":119,"column":6},"end":{"line":119,"column":null}},"48":{"start":{"line":122,"column":4},"end":{"line":126,"column":null}},"49":{"start":{"line":123,"column":6},"end":{"line":125,"column":null}},"50":{"start":{"line":124,"column":8},"end":{"line":124,"column":null}},"51":{"start":{"line":128,"column":4},"end":{"line":130,"column":null}},"52":{"start":{"line":129,"column":6},"end":{"line":129,"column":null}},"53":{"start":{"line":132,"column":21},"end":{"line":132,"column":23}},"54":{"start":{"line":133,"column":4},"end":{"line":138,"column":null}},"55":{"start":{"line":134,"column":31},"end":{"line":134,"column":92}},"56":{"start":{"line":135,"column":6},"end":{"line":135,"column":null}},"57":{"start":{"line":137,"column":6},"end":{"line":137,"column":null}},"58":{"start":{"line":140,"column":23},"end":{"line":140,"column":66}},"59":{"start":{"line":141,"column":25},"end":{"line":141,"column":87}},"60":{"start":{"line":143,"column":19},"end":{"line":166,"column":199}},"61":{"start":{"line":158,"column":23},"end":{"line":158,"column":34}},"62":{"start":{"line":168,"column":4},"end":{"line":173,"column":null}}},"fnMap":{"0":{"name":"analyzeFinancialHealth","decl":{"start":{"line":5,"column":15},"end":{"line":5,"column":37}},"loc":{"start":{"line":5,"column":55},"end":{"line":82,"column":null}},"line":5},"1":{"name":"generateHeuristicAnalysis","decl":{"start":{"line":84,"column":9},"end":{"line":84,"column":34}},"loc":{"start":{"line":93,"column":4},"end":{"line":174,"column":null}},"line":93},"2":{"name":"(anonymous_2)","decl":{"start":{"line":158,"column":16},"end":{"line":158,"column":17}},"loc":{"start":{"line":158,"column":23},"end":{"line":158,"column":34}},"line":158}},"branchMap":{"0":{"loc":{"start":{"line":5,"column":44},"end":{"line":5,"column":53}},"type":"default-arg","locations":[{"start":{"line":5,"column":51},"end":{"line":5,"column":53}}],"line":5},"1":{"loc":{"start":{"line":26,"column":4},"end":{"line":69,"column":null}},"type":"if","locations":[{"start":{"line":26,"column":4},"end":{"line":69,"column":null}},{"start":{},"end":{}}],"line":26},"2":{"loc":{"start":{"line":26,"column":8},"end":{"line":26,"column":38}},"type":"binary-expr","locations":[{"start":{"line":26,"column":8},"end":{"line":26,"column":14}},{"start":{"line":26,"column":18},"end":{"line":26,"column":38}}],"line":26},"3":{"loc":{"start":{"line":48,"column":17},"end":{"line":48,"column":63}},"type":"binary-expr","locations":[{"start":{"line":48,"column":17},"end":{"line":48,"column":46}},{"start":{"line":48,"column":50},"end":{"line":48,"column":63}}],"line":48},"4":{"loc":{"start":{"line":57,"column":8},"end":{"line":65,"column":null}},"type":"if","locations":[{"start":{"line":57,"column":8},"end":{"line":65,"column":null}},{"start":{},"end":{}}],"line":57},"5":{"loc":{"start":{"line":60,"column":29},"end":{"line":60,"column":55}},"type":"binary-expr","locations":[{"start":{"line":60,"column":29},"end":{"line":60,"column":49}},{"start":{"line":60,"column":53},"end":{"line":60,"column":55}}],"line":60},"6":{"loc":{"start":{"line":61,"column":23},"end":{"line":61,"column":43}},"type":"binary-expr","locations":[{"start":{"line":61,"column":23},"end":{"line":61,"column":37}},{"start":{"line":61,"column":41},"end":{"line":61,"column":43}}],"line":61},"7":{"loc":{"start":{"line":62,"column":25},"end":{"line":62,"column":87}},"type":"binary-expr","locations":[{"start":{"line":62,"column":25},"end":{"line":62,"column":41}},{"start":{"line":62,"column":45},"end":{"line":62,"column":87}}],"line":62},"8":{"loc":{"start":{"line":95,"column":24},"end":{"line":95,"column":104}},"type":"cond-expr","locations":[{"start":{"line":95,"column":44},"end":{"line":95,"column":100}},{"start":{"line":95,"column":103},"end":{"line":95,"column":104}}],"line":95},"9":{"loc":{"start":{"line":97,"column":4},"end":{"line":99,"column":null}},"type":"if","locations":[{"start":{"line":97,"column":4},"end":{"line":99,"column":null}},{"start":{"line":98,"column":9},"end":{"line":99,"column":null}}],"line":97},"10":{"loc":{"start":{"line":98,"column":9},"end":{"line":99,"column":null}},"type":"if","locations":[{"start":{"line":98,"column":9},"end":{"line":99,"column":null}},{"start":{"line":99,"column":9},"end":{"line":99,"column":null}}],"line":98},"11":{"loc":{"start":{"line":99,"column":9},"end":{"line":99,"column":null}},"type":"if","locations":[{"start":{"line":99,"column":9},"end":{"line":99,"column":null}},{"start":{},"end":{}}],"line":99},"12":{"loc":{"start":{"line":101,"column":4},"end":{"line":103,"column":null}},"type":"if","locations":[{"start":{"line":101,"column":4},"end":{"line":103,"column":null}},{"start":{"line":102,"column":9},"end":{"line":103,"column":null}}],"line":101},"13":{"loc":{"start":{"line":102,"column":9},"end":{"line":103,"column":null}},"type":"if","locations":[{"start":{"line":102,"column":9},"end":{"line":103,"column":null}},{"start":{"line":103,"column":9},"end":{"line":103,"column":null}}],"line":102},"14":{"loc":{"start":{"line":108,"column":4},"end":{"line":110,"column":null}},"type":"if","locations":[{"start":{"line":108,"column":4},"end":{"line":110,"column":null}},{"start":{},"end":{}}],"line":108},"15":{"loc":{"start":{"line":108,"column":8},"end":{"line":108,"column":59}},"type":"binary-expr","locations":[{"start":{"line":108,"column":8},"end":{"line":108,"column":38}},{"start":{"line":108,"column":42},"end":{"line":108,"column":59}}],"line":108},"16":{"loc":{"start":{"line":112,"column":4},"end":{"line":115,"column":null}},"type":"if","locations":[{"start":{"line":112,"column":4},"end":{"line":115,"column":null}},{"start":{},"end":{}}],"line":112},"17":{"loc":{"start":{"line":112,"column":8},"end":{"line":112,"column":62}},"type":"binary-expr","locations":[{"start":{"line":112,"column":8},"end":{"line":112,"column":23}},{"start":{"line":112,"column":27},"end":{"line":112,"column":62}}],"line":112},"18":{"loc":{"start":{"line":118,"column":4},"end":{"line":120,"column":null}},"type":"if","locations":[{"start":{"line":118,"column":4},"end":{"line":120,"column":null}},{"start":{},"end":{}}],"line":118},"19":{"loc":{"start":{"line":118,"column":8},"end":{"line":118,"column":51}},"type":"binary-expr","locations":[{"start":{"line":118,"column":8},"end":{"line":118,"column":19}},{"start":{"line":118,"column":23},"end":{"line":118,"column":51}}],"line":118},"20":{"loc":{"start":{"line":123,"column":6},"end":{"line":125,"column":null}},"type":"if","locations":[{"start":{"line":123,"column":6},"end":{"line":125,"column":null}},{"start":{},"end":{}}],"line":123},"21":{"loc":{"start":{"line":128,"column":4},"end":{"line":130,"column":null}},"type":"if","locations":[{"start":{"line":128,"column":4},"end":{"line":130,"column":null}},{"start":{},"end":{}}],"line":128},"22":{"loc":{"start":{"line":133,"column":4},"end":{"line":138,"column":null}},"type":"if","locations":[{"start":{"line":133,"column":4},"end":{"line":138,"column":null}},{"start":{"line":136,"column":11},"end":{"line":138,"column":null}}],"line":133},"23":{"loc":{"start":{"line":140,"column":23},"end":{"line":140,"column":66}},"type":"binary-expr","locations":[{"start":{"line":140,"column":23},"end":{"line":140,"column":49}},{"start":{"line":140,"column":53},"end":{"line":140,"column":66}}],"line":140},"24":{"loc":{"start":{"line":141,"column":25},"end":{"line":141,"column":87}},"type":"cond-expr","locations":[{"start":{"line":141,"column":39},"end":{"line":141,"column":81}},{"start":{"line":141,"column":84},"end":{"line":141,"column":87}}],"line":141}},"s":{"0":1,"1":1,"2":1,"3":1,"4":1,"5":1,"6":1,"7":1,"8":1,"9":1,"10":1,"11":1,"12":1,"13":1,"14":1,"15":0,"16":0,"17":0,"18":0,"19":0,"20":0,"21":0,"22":0,"23":0,"24":1,"25":1,"26":1,"27":1,"28":1,"29":0,"30":0,"31":0,"32":0,"33":1,"34":0,"35":1,"36":0,"37":1,"38":1,"39":1,"40":1,"41":0,"42":1,"43":0,"44":0,"45":1,"46":1,"47":1,"48":1,"49":0,"50":0,"51":1,"52":0,"53":1,"54":1,"55":1,"56":1,"57":0,"58":1,"59":1,"60":1,"61":1,"62":1},"f":{"0":1,"1":1,"2":1},"b":{"0":[1],"1":[0,1],"2":[1,0],"3":[0,0],"4":[0,0],"5":[0,0],"6":[0,0],"7":[0,0],"8":[1,0],"9":[1,0],"10":[0,0],"11":[0,0],"12":[0,1],"13":[0,1],"14":[0,1],"15":[1,0],"16":[0,1],"17":[1,1],"18":[1,0],"19":[1,1],"20":[0,0],"21":[0,1],"22":[1,0],"23":[1,0],"24":[1,0]},"meta":{"lastBranch":25,"lastFunction":3,"lastStatement":63,"seen":{"f:5:15:5:37":0,"b:5:51:5:53":0,"s:6:19:6:49":0,"s:8:16:8:26":1,"s:9:25:9:43":2,"s:10:24:10:41":3,"s:12:21:12:71":4,"s:13:22:13:45":5,"s:14:21:14:43":6,"s:16:26:16:110":7,"s:17:27:17:112":8,"s:19:23:19:101":9,"s:20:24:20:103":10,"s:22:22:22:112":11,"s:23:25:23:110":12,"s:24:23:24:76":13,"b:26:4:69:Infinity:undefined:undefined:undefined:undefined":1,"s:26:4:69:Infinity":14,"b:26:8:26:14:26:18:26:38":2,"s:27:6:68:Infinity":15,"s:28:23:28:45":16,"s:29:23:45:2":17,"s:47:25:54:10":18,"b:48:17:48:46:48:50:48:63":3,"s:56:24:56:61":19,"b:57:8:65:Infinity:undefined:undefined:undefined:undefined":4,"s:57:8:65:Infinity":20,"s:58:23:58:42":21,"s:59:10:64:Infinity":22,"b:60:29:60:49:60:53:60:55":5,"b:61:23:61:37:61:41:61:43":6,"b:62:25:62:41:62:45:62:87":7,"s:67:8:67:Infinity":23,"s:72:4:81:Infinity":24,"f:84:9:84:34":1,"s:94:16:94:18":25,"s:95:24:95:104":26,"b:95:44:95:100:95:103:95:104":8,"b:97:4:99:Infinity:98:9:99:Infinity":9,"s:97:4:99:Infinity":27,"s:97:27:97:Infinity":28,"b:98:9:99:Infinity:99:9:99:Infinity":10,"s:98:9:99:Infinity":29,"s:98:32:98:Infinity":30,"b:99:9:99:Infinity:undefined:undefined:undefined:undefined":11,"s:99:9:99:Infinity":31,"s:99:30:99:Infinity":32,"b:101:4:103:Infinity:102:9:103:Infinity":12,"s:101:4:103:Infinity":33,"s:101:52:101:Infinity":34,"b:102:9:103:Infinity:103:9:103:Infinity":13,"s:102:9:103:Infinity":35,"s:102:56:102:Infinity":36,"s:103:9:103:Infinity":37,"s:105:4:105:Infinity":38,"s:107:22:107:24":39,"b:108:4:110:Infinity:undefined:undefined:undefined:undefined":14,"s:108:4:110:Infinity":40,"b:108:8:108:38:108:42:108:59":15,"s:109:6:109:Infinity":41,"b:112:4:115:Infinity:undefined:undefined:undefined:undefined":16,"s:112:4:115:Infinity":42,"b:112:8:112:23:112:27:112:62":17,"s:113:19:113:83":43,"s:114:6:114:Infinity":44,"s:117:24:117:47":45,"b:118:4:120:Infinity:undefined:undefined:undefined:undefined":18,"s:118:4:120:Infinity":46,"b:118:8:118:19:118:23:118:51":19,"s:119:6:119:Infinity":47,"s:122:4:126:Infinity":48,"b:123:6:125:Infinity:undefined:undefined:undefined:undefined":20,"s:123:6:125:Infinity":49,"s:124:8:124:Infinity":50,"b:128:4:130:Infinity:undefined:undefined:undefined:undefined":21,"s:128:4:130:Infinity":51,"s:129:6:129:Infinity":52,"s:132:21:132:23":53,"b:133:4:138:Infinity:136:11:138:Infinity":22,"s:133:4:138:Infinity":54,"s:134:31:134:92":55,"s:135:6:135:Infinity":56,"s:137:6:137:Infinity":57,"s:140:23:140:66":58,"b:140:23:140:49:140:53:140:66":23,"s:141:25:141:87":59,"b:141:39:141:81:141:84:141:87":24,"s:143:19:166:199":60,"f:158:16:158:17":2,"s:158:23:158:34":61,"s:168:4:173:Infinity":62},"fnNames":{}}}
,"D:\\OSPanel\\home\\Smart Finance Tracker\\src\\services\\financialCalculationService.js": {"path":"D:\\OSPanel\\home\\Smart Finance Tracker\\src\\services\\financialCalculationService.js","statementMap":{"0":{"start":{"line":3,"column":15},"end":{"line":3,"column":33}},"1":{"start":{"line":10,"column":18},"end":{"line":10,"column":44}},"2":{"start":{"line":12,"column":4},"end":{"line":16,"column":null}},"3":{"start":{"line":13,"column":24},"end":{"line":13,"column":52}},"4":{"start":{"line":14,"column":22},"end":{"line":14,"column":58}},"5":{"start":{"line":15,"column":6},"end":{"line":15,"column":null}},"6":{"start":{"line":18,"column":19},"end":{"line":21,"column":6}},"7":{"start":{"line":23,"column":4},"end":{"line":23,"column":null}},"8":{"start":{"line":30,"column":18},"end":{"line":30,"column":45}},"9":{"start":{"line":32,"column":4},"end":{"line":36,"column":null}},"10":{"start":{"line":33,"column":24},"end":{"line":33,"column":52}},"11":{"start":{"line":34,"column":22},"end":{"line":34,"column":58}},"12":{"start":{"line":35,"column":6},"end":{"line":35,"column":null}},"13":{"start":{"line":38,"column":19},"end":{"line":41,"column":6}},"14":{"start":{"line":43,"column":4},"end":{"line":43,"column":null}},"15":{"start":{"line":50,"column":24},"end":{"line":50,"column":57}},"16":{"start":{"line":51,"column":25},"end":{"line":51,"column":59}},"17":{"start":{"line":52,"column":4},"end":{"line":52,"column":null}},"18":{"start":{"line":59,"column":16},"end":{"line":59,"column":26}},"19":{"start":{"line":60,"column":4},"end":{"line":60,"column":null}},"20":{"start":{"line":61,"column":4},"end":{"line":61,"column":null}},"21":{"start":{"line":63,"column":22},"end":{"line":63,"column":50}},"22":{"start":{"line":64,"column":20},"end":{"line":64,"column":56}},"23":{"start":{"line":66,"column":25},"end":{"line":73,"column":6}},"24":{"start":{"line":75,"column":25},"end":{"line":75,"column":75}},"25":{"start":{"line":75,"column":57},"end":{"line":75,"column":71}},"26":{"start":{"line":77,"column":23},"end":{"line":77,"column":25}},"27":{"start":{"line":78,"column":4},"end":{"line":90,"column":null}},"28":{"start":{"line":79,"column":20},"end":{"line":79,"column":32}},"29":{"start":{"line":80,"column":6},"end":{"line":88,"column":null}},"30":{"start":{"line":81,"column":8},"end":{"line":87,"column":null}},"31":{"start":{"line":89,"column":6},"end":{"line":89,"column":null}},"32":{"start":{"line":92,"column":23},"end":{"line":95,"column":42}},"33":{"start":{"line":93,"column":6},"end":{"line":93,"column":null}},"34":{"start":{"line":94,"column":6},"end":{"line":94,"column":null}},"35":{"start":{"line":95,"column":22},"end":{"line":95,"column":41}},"36":{"start":{"line":97,"column":4},"end":{"line":100,"column":null}},"37":{"start":{"line":107,"column":20},"end":{"line":110,"column":6}},"38":{"start":{"line":112,"column":26},"end":{"line":112,"column":68}},"39":{"start":{"line":112,"column":46},"end":{"line":112,"column":67}},"40":{"start":{"line":113,"column":23},"end":{"line":113,"column":70}},"41":{"start":{"line":115,"column":28},"end":{"line":115,"column":30}},"42":{"start":{"line":116,"column":36},"end":{"line":116,"column":80}},"43":{"start":{"line":116,"column":58},"end":{"line":116,"column":79}},"44":{"start":{"line":118,"column":22},"end":{"line":118,"column":50}},"45":{"start":{"line":119,"column":20},"end":{"line":119,"column":56}},"46":{"start":{"line":121,"column":4},"end":{"line":155,"column":null}},"47":{"start":{"line":122,"column":23},"end":{"line":122,"column":38}},"48":{"start":{"line":124,"column":26},"end":{"line":132,"column":8}},"49":{"start":{"line":134,"column":20},"end":{"line":134,"column":48}},"50":{"start":{"line":135,"column":23},"end":{"line":135,"column":36}},"51":{"start":{"line":136,"column":25},"end":{"line":136,"column":86}},"52":{"start":{"line":137,"column":24},"end":{"line":137,"column":40}},"53":{"start":{"line":139,"column":19},"end":{"line":139,"column":27}},"54":{"start":{"line":140,"column":6},"end":{"line":141,"column":null}},"55":{"start":{"line":140,"column":29},"end":{"line":140,"column":null}},"56":{"start":{"line":141,"column":11},"end":{"line":141,"column":null}},"57":{"start":{"line":141,"column":33},"end":{"line":141,"column":null}},"58":{"start":{"line":143,"column":6},"end":{"line":154,"column":null}},"59":{"start":{"line":157,"column":26},"end":{"line":157,"column":66}},"60":{"start":{"line":158,"column":30},"end":{"line":158,"column":106}},"61":{"start":{"line":159,"column":29},"end":{"line":159,"column":55}},"62":{"start":{"line":161,"column":24},"end":{"line":161,"column":32}},"63":{"start":{"line":162,"column":4},"end":{"line":163,"column":null}},"64":{"start":{"line":162,"column":34},"end":{"line":162,"column":null}},"65":{"start":{"line":163,"column":9},"end":{"line":163,"column":null}},"66":{"start":{"line":163,"column":38},"end":{"line":163,"column":null}},"67":{"start":{"line":165,"column":4},"end":{"line":178,"column":null}},"68":{"start":{"line":185,"column":19},"end":{"line":185,"column":21}},"69":{"start":{"line":186,"column":23},"end":{"line":186,"column":25}},"70":{"start":{"line":187,"column":24},"end":{"line":187,"column":26}},"71":{"start":{"line":189,"column":16},"end":{"line":189,"column":26}},"72":{"start":{"line":190,"column":23},"end":{"line":194,"column":5}},"73":{"start":{"line":196,"column":4},"end":{"line":204,"column":null}},"74":{"start":{"line":196,"column":17},"end":{"line":196,"column":32}},"75":{"start":{"line":197,"column":25},"end":{"line":197,"column":75}},"76":{"start":{"line":198,"column":20},"end":{"line":198,"column":45}},"77":{"start":{"line":199,"column":19},"end":{"line":199,"column":43}},"78":{"start":{"line":201,"column":6},"end":{"line":201,"column":null}},"79":{"start":{"line":202,"column":6},"end":{"line":202,"column":null}},"80":{"start":{"line":203,"column":6},"end":{"line":203,"column":null}},"81":{"start":{"line":206,"column":4},"end":{"line":210,"column":null}}},"fnMap":{"0":{"name":"getTotalIncome","decl":{"start":{"line":9,"column":15},"end":{"line":9,"column":29}},"loc":{"start":{"line":9,"column":65},"end":{"line":24,"column":null}},"line":9},"1":{"name":"getTotalExpense","decl":{"start":{"line":29,"column":15},"end":{"line":29,"column":30}},"loc":{"start":{"line":29,"column":66},"end":{"line":44,"column":null}},"line":29},"2":{"name":"getBalance","decl":{"start":{"line":49,"column":15},"end":{"line":49,"column":25}},"loc":{"start":{"line":49,"column":34},"end":{"line":53,"column":null}},"line":49},"3":{"name":"getCategoryBreakdown","decl":{"start":{"line":58,"column":15},"end":{"line":58,"column":35}},"loc":{"start":{"line":58,"column":71},"end":{"line":101,"column":null}},"line":58},"4":{"name":"(anonymous_4)","decl":{"start":{"line":75,"column":45},"end":{"line":75,"column":46}},"loc":{"start":{"line":75,"column":57},"end":{"line":75,"column":71}},"line":75},"5":{"name":"(anonymous_5)","decl":{"start":{"line":92,"column":53},"end":{"line":92,"column":54}},"loc":{"start":{"line":92,"column":62},"end":{"line":95,"column":5}},"line":92},"6":{"name":"(anonymous_6)","decl":{"start":{"line":95,"column":12},"end":{"line":95,"column":13}},"loc":{"start":{"line":95,"column":22},"end":{"line":95,"column":41}},"line":95},"7":{"name":"getBudgetStatus","decl":{"start":{"line":106,"column":15},"end":{"line":106,"column":30}},"loc":{"start":{"line":106,"column":52},"end":{"line":179,"column":null}},"line":106},"8":{"name":"(anonymous_8)","decl":{"start":{"line":112,"column":39},"end":{"line":112,"column":40}},"loc":{"start":{"line":112,"column":46},"end":{"line":112,"column":67}},"line":112},"9":{"name":"(anonymous_9)","decl":{"start":{"line":116,"column":51},"end":{"line":116,"column":52}},"loc":{"start":{"line":116,"column":58},"end":{"line":116,"column":79}},"line":116},"10":{"name":"getMonthlyOverview","decl":{"start":{"line":184,"column":15},"end":{"line":184,"column":33}},"loc":{"start":{"line":184,"column":59},"end":{"line":211,"column":null}},"line":184}},"branchMap":{"0":{"loc":{"start":{"line":9,"column":38},"end":{"line":9,"column":50}},"type":"default-arg","locations":[{"start":{"line":9,"column":46},"end":{"line":9,"column":50}}],"line":9},"1":{"loc":{"start":{"line":9,"column":52},"end":{"line":9,"column":63}},"type":"default-arg","locations":[{"start":{"line":9,"column":59},"end":{"line":9,"column":63}}],"line":9},"2":{"loc":{"start":{"line":12,"column":4},"end":{"line":16,"column":null}},"type":"if","locations":[{"start":{"line":12,"column":4},"end":{"line":16,"column":null}},{"start":{},"end":{}}],"line":12},"3":{"loc":{"start":{"line":12,"column":8},"end":{"line":12,"column":21}},"type":"binary-expr","locations":[{"start":{"line":12,"column":8},"end":{"line":12,"column":13}},{"start":{"line":12,"column":17},"end":{"line":12,"column":21}}],"line":12},"4":{"loc":{"start":{"line":23,"column":11},"end":{"line":23,"column":34}},"type":"binary-expr","locations":[{"start":{"line":23,"column":11},"end":{"line":23,"column":29}},{"start":{"line":23,"column":33},"end":{"line":23,"column":34}}],"line":23},"5":{"loc":{"start":{"line":29,"column":39},"end":{"line":29,"column":51}},"type":"default-arg","locations":[{"start":{"line":29,"column":47},"end":{"line":29,"column":51}}],"line":29},"6":{"loc":{"start":{"line":29,"column":53},"end":{"line":29,"column":64}},"type":"default-arg","locations":[{"start":{"line":29,"column":60},"end":{"line":29,"column":64}}],"line":29},"7":{"loc":{"start":{"line":32,"column":4},"end":{"line":36,"column":null}},"type":"if","locations":[{"start":{"line":32,"column":4},"end":{"line":36,"column":null}},{"start":{},"end":{}}],"line":32},"8":{"loc":{"start":{"line":32,"column":8},"end":{"line":32,"column":21}},"type":"binary-expr","locations":[{"start":{"line":32,"column":8},"end":{"line":32,"column":13}},{"start":{"line":32,"column":17},"end":{"line":32,"column":21}}],"line":32},"9":{"loc":{"start":{"line":43,"column":11},"end":{"line":43,"column":34}},"type":"binary-expr","locations":[{"start":{"line":43,"column":11},"end":{"line":43,"column":29}},{"start":{"line":43,"column":33},"end":{"line":43,"column":34}}],"line":43},"10":{"loc":{"start":{"line":58,"column":44},"end":{"line":58,"column":56}},"type":"default-arg","locations":[{"start":{"line":58,"column":52},"end":{"line":58,"column":56}}],"line":58},"11":{"loc":{"start":{"line":58,"column":58},"end":{"line":58,"column":69}},"type":"default-arg","locations":[{"start":{"line":58,"column":65},"end":{"line":58,"column":69}}],"line":58},"12":{"loc":{"start":{"line":60,"column":12},"end":{"line":60,"column":41}},"type":"binary-expr","locations":[{"start":{"line":60,"column":12},"end":{"line":60,"column":17}},{"start":{"line":60,"column":22},"end":{"line":60,"column":40}}],"line":60},"13":{"loc":{"start":{"line":61,"column":11},"end":{"line":61,"column":36}},"type":"binary-expr","locations":[{"start":{"line":61,"column":11},"end":{"line":61,"column":15}},{"start":{"line":61,"column":19},"end":{"line":61,"column":36}}],"line":61},"14":{"loc":{"start":{"line":80,"column":6},"end":{"line":88,"column":null}},"type":"if","locations":[{"start":{"line":80,"column":6},"end":{"line":88,"column":null}},{"start":{},"end":{}}],"line":80},"15":{"loc":{"start":{"line":83,"column":25},"end":{"line":83,"column":53}},"type":"binary-expr","locations":[{"start":{"line":83,"column":25},"end":{"line":83,"column":41}},{"start":{"line":83,"column":45},"end":{"line":83,"column":53}}],"line":83},"16":{"loc":{"start":{"line":84,"column":17},"end":{"line":84,"column":47}},"type":"binary-expr","locations":[{"start":{"line":84,"column":17},"end":{"line":84,"column":34}},{"start":{"line":84,"column":38},"end":{"line":84,"column":47}}],"line":84},"17":{"loc":{"start":{"line":85,"column":16},"end":{"line":85,"column":41}},"type":"binary-expr","locations":[{"start":{"line":85,"column":16},"end":{"line":85,"column":32}},{"start":{"line":85,"column":36},"end":{"line":85,"column":41}}],"line":85},"18":{"loc":{"start":{"line":93,"column":23},"end":{"line":93,"column":97}},"type":"cond-expr","locations":[{"start":{"line":93,"column":42},"end":{"line":93,"column":93}},{"start":{"line":93,"column":96},"end":{"line":93,"column":97}}],"line":93},"19":{"loc":{"start":{"line":134,"column":20},"end":{"line":134,"column":48}},"type":"binary-expr","locations":[{"start":{"line":134,"column":20},"end":{"line":134,"column":43}},{"start":{"line":134,"column":47},"end":{"line":134,"column":48}}],"line":134},"20":{"loc":{"start":{"line":136,"column":25},"end":{"line":136,"column":86}},"type":"cond-expr","locations":[{"start":{"line":136,"column":40},"end":{"line":136,"column":82}},{"start":{"line":136,"column":85},"end":{"line":136,"column":86}}],"line":136},"21":{"loc":{"start":{"line":140,"column":6},"end":{"line":141,"column":null}},"type":"if","locations":[{"start":{"line":140,"column":6},"end":{"line":141,"column":null}},{"start":{"line":141,"column":11},"end":{"line":141,"column":null}}],"line":140},"22":{"loc":{"start":{"line":141,"column":11},"end":{"line":141,"column":null}},"type":"if","locations":[{"start":{"line":141,"column":11},"end":{"line":141,"column":null}},{"start":{},"end":{}}],"line":141},"23":{"loc":{"start":{"line":146,"column":23},"end":{"line":146,"column":60}},"type":"cond-expr","locations":[{"start":{"line":146,"column":34},"end":{"line":146,"column":47}},{"start":{"line":146,"column":50},"end":{"line":146,"column":60}}],"line":146},"24":{"loc":{"start":{"line":147,"column":15},"end":{"line":147,"column":52}},"type":"cond-expr","locations":[{"start":{"line":147,"column":26},"end":{"line":147,"column":40}},{"start":{"line":147,"column":43},"end":{"line":147,"column":52}}],"line":147},"25":{"loc":{"start":{"line":148,"column":14},"end":{"line":148,"column":46}},"type":"cond-expr","locations":[{"start":{"line":148,"column":25},"end":{"line":148,"column":38}},{"start":{"line":148,"column":41},"end":{"line":148,"column":46}}],"line":148},"26":{"loc":{"start":{"line":157,"column":26},"end":{"line":157,"column":66}},"type":"cond-expr","locations":[{"start":{"line":157,"column":42},"end":{"line":157,"column":62}},{"start":{"line":157,"column":65},"end":{"line":157,"column":66}}],"line":157},"27":{"loc":{"start":{"line":158,"column":30},"end":{"line":158,"column":106}},"type":"cond-expr","locations":[{"start":{"line":158,"column":50},"end":{"line":158,"column":102}},{"start":{"line":158,"column":105},"end":{"line":158,"column":106}}],"line":158},"28":{"loc":{"start":{"line":162,"column":4},"end":{"line":163,"column":null}},"type":"if","locations":[{"start":{"line":162,"column":4},"end":{"line":163,"column":null}},{"start":{"line":163,"column":9},"end":{"line":163,"column":null}}],"line":162},"29":{"loc":{"start":{"line":163,"column":9},"end":{"line":163,"column":null}},"type":"if","locations":[{"start":{"line":163,"column":9},"end":{"line":163,"column":null}},{"start":{},"end":{}}],"line":163},"30":{"loc":{"start":{"line":184,"column":42},"end":{"line":184,"column":57}},"type":"default-arg","locations":[{"start":{"line":184,"column":56},"end":{"line":184,"column":57}}],"line":184}},"s":{"0":2,"1":2,"2":2,"3":1,"4":1,"5":1,"6":2,"7":2,"8":1,"9":1,"10":1,"11":1,"12":1,"13":1,"14":1,"15":1,"16":1,"17":1,"18":1,"19":1,"20":1,"21":1,"22":1,"23":1,"24":1,"25":2,"26":1,"27":1,"28":2,"29":2,"30":2,"31":2,"32":1,"33":2,"34":2,"35":1,"36":1,"37":0,"38":0,"39":0,"40":0,"41":0,"42":0,"43":0,"44":0,"45":0,"46":0,"47":0,"48":0,"49":0,"50":0,"51":0,"52":0,"53":0,"54":0,"55":0,"56":0,"57":0,"58":0,"59":0,"60":0,"61":0,"62":0,"63":0,"64":0,"65":0,"66":0,"67":0,"68":0,"69":0,"70":0,"71":0,"72":0,"73":0,"74":0,"75":0,"76":0,"77":0,"78":0,"79":0,"80":0,"81":0},"f":{"0":2,"1":2,"2":2,"3":2,"4":2,"5":2,"6":1,"7":2,"8":0,"9":0,"10":2},"b":{"0":[2],"1":[2],"2":[1,1],"3":[2,1],"4":[2,1],"5":[1],"6":[1],"7":[1,0],"8":[1,1],"9":[1,0],"10":[1],"11":[1],"12":[1,0],"13":[1,0],"14":[2,0],"15":[2,0],"16":[2,0],"17":[2,0],"18":[2,0],"19":[0,0],"20":[0,0],"21":[0,0],"22":[0,0],"23":[0,0],"24":[0,0],"25":[0,0],"26":[0,0],"27":[0,0],"28":[0,0],"29":[0,0],"30":[0]},"meta":{"lastBranch":31,"lastFunction":11,"lastStatement":82,"seen":{"s:3:15:3:33":0,"f:9:15:9:29":0,"b:9:46:9:50":0,"b:9:59:9:63":1,"s:10:18:10:44":1,"b:12:4:16:Infinity:undefined:undefined:undefined:undefined":2,"s:12:4:16:Infinity":2,"b:12:8:12:13:12:17:12:21":3,"s:13:24:13:52":3,"s:14:22:14:58":4,"s:15:6:15:Infinity":5,"s:18:19:21:6":6,"s:23:4:23:Infinity":7,"b:23:11:23:29:23:33:23:34":4,"f:29:15:29:30":1,"b:29:47:29:51":5,"b:29:60:29:64":6,"s:30:18:30:45":8,"b:32:4:36:Infinity:undefined:undefined:undefined:undefined":7,"s:32:4:36:Infinity":9,"b:32:8:32:13:32:17:32:21":8,"s:33:24:33:52":10,"s:34:22:34:58":11,"s:35:6:35:Infinity":12,"s:38:19:41:6":13,"s:43:4:43:Infinity":14,"b:43:11:43:29:43:33:43:34":9,"f:49:15:49:25":2,"s:50:24:50:57":15,"s:51:25:51:59":16,"s:52:4:52:Infinity":17,"f:58:15:58:35":3,"b:58:52:58:56":10,"b:58:65:58:69":11,"s:59:16:59:26":18,"s:60:4:60:Infinity":19,"b:60:12:60:17:60:22:60:40":12,"s:61:4:61:Infinity":20,"b:61:11:61:15:61:19:61:36":13,"s:63:22:63:50":21,"s:64:20:64:56":22,"s:66:25:73:6":23,"s:75:25:75:75":24,"f:75:45:75:46":4,"s:75:57:75:71":25,"s:77:23:77:25":26,"s:78:4:90:Infinity":27,"s:79:20:79:32":28,"b:80:6:88:Infinity:undefined:undefined:undefined:undefined":14,"s:80:6:88:Infinity":29,"s:81:8:87:Infinity":30,"b:83:25:83:41:83:45:83:53":15,"b:84:17:84:34:84:38:84:47":16,"b:85:16:85:32:85:36:85:41":17,"s:89:6:89:Infinity":31,"s:92:23:95:42":32,"f:92:53:92:54":5,"s:93:6:93:Infinity":33,"b:93:42:93:93:93:96:93:97":18,"s:94:6:94:Infinity":34,"f:95:12:95:13":6,"s:95:22:95:41":35,"s:97:4:100:Infinity":36,"f:106:15:106:30":7,"s:107:20:110:6":37,"s:112:26:112:68":38,"f:112:39:112:40":8,"s:112:46:112:67":39,"s:113:23:113:70":40,"s:115:28:115:30":41,"s:116:36:116:80":42,"f:116:51:116:52":9,"s:116:58:116:79":43,"s:118:22:118:50":44,"s:119:20:119:56":45,"s:121:4:155:Infinity":46,"s:122:23:122:38":47,"s:124:26:132:8":48,"s:134:20:134:48":49,"b:134:20:134:43:134:47:134:48":19,"s:135:23:135:36":50,"s:136:25:136:86":51,"b:136:40:136:82:136:85:136:86":20,"s:137:24:137:40":52,"s:139:19:139:27":53,"b:140:6:141:Infinity:141:11:141:Infinity":21,"s:140:6:141:Infinity":54,"s:140:29:140:Infinity":55,"b:141:11:141:Infinity:undefined:undefined:undefined:undefined":22,"s:141:11:141:Infinity":56,"s:141:33:141:Infinity":57,"s:143:6:154:Infinity":58,"b:146:34:146:47:146:50:146:60":23,"b:147:26:147:40:147:43:147:52":24,"b:148:25:148:38:148:41:148:46":25,"s:157:26:157:66":59,"b:157:42:157:62:157:65:157:66":26,"s:158:30:158:106":60,"b:158:50:158:102:158:105:158:106":27,"s:159:29:159:55":61,"s:161:24:161:32":62,"b:162:4:163:Infinity:163:9:163:Infinity":28,"s:162:4:163:Infinity":63,"s:162:34:162:Infinity":64,"b:163:9:163:Infinity:undefined:undefined:undefined:undefined":29,"s:163:9:163:Infinity":65,"s:163:38:163:Infinity":66,"s:165:4:178:Infinity":67,"f:184:15:184:33":10,"b:184:56:184:57":30,"s:185:19:185:21":68,"s:186:23:186:25":69,"s:187:24:187:26":70,"s:189:16:189:26":71,"s:190:23:194:5":72,"s:196:4:204:Infinity":73,"s:196:17:196:32":74,"s:197:25:197:75":75,"s:198:20:198:45":76,"s:199:19:199:43":77,"s:201:6:201:Infinity":78,"s:202:6:202:Infinity":79,"s:203:6:203:Infinity":80,"s:206:4:210:Infinity":81},"fnNames":{}}}
,"D:\\OSPanel\\home\\Smart Finance Tracker\\src\\services\\transactionService.js": {"path":"D:\\OSPanel\\home\\Smart Finance Tracker\\src\\services\\transactionService.js","statementMap":{"0":{"start":{"line":5,"column":15},"end":{"line":5,"column":33}},"1":{"start":{"line":12,"column":4},"end":{"line":38,"column":null}},"2":{"start":{"line":13,"column":19},"end":{"line":13,"column":38}},"3":{"start":{"line":15,"column":21},"end":{"line":17,"column":8}},"4":{"start":{"line":19,"column":6},"end":{"line":23,"column":null}},"5":{"start":{"line":20,"column":8},"end":{"line":22,"column":null}},"6":{"start":{"line":25,"column":6},"end":{"line":35,"column":null}},"7":{"start":{"line":26,"column":8},"end":{"line":34,"column":null}},"8":{"start":{"line":37,"column":6},"end":{"line":37,"column":null}},"9":{"start":{"line":40,"column":4},"end":{"line":49,"column":null}},"10":{"start":{"line":41,"column":23},"end":{"line":41,"column":47}},"11":{"start":{"line":42,"column":23},"end":{"line":47,"column":8}},"12":{"start":{"line":48,"column":6},"end":{"line":48,"column":null}},"13":{"start":{"line":51,"column":4},"end":{"line":51,"column":null}},"14":{"start":{"line":55,"column":18},"end":{"line":55,"column":28}},"15":{"start":{"line":57,"column":4},"end":{"line":59,"column":null}},"16":{"start":{"line":58,"column":6},"end":{"line":58,"column":null}},"17":{"start":{"line":61,"column":4},"end":{"line":63,"column":null}},"18":{"start":{"line":62,"column":6},"end":{"line":62,"column":null}},"19":{"start":{"line":65,"column":4},"end":{"line":67,"column":null}},"20":{"start":{"line":66,"column":6},"end":{"line":66,"column":null}},"21":{"start":{"line":69,"column":4},"end":{"line":73,"column":null}},"22":{"start":{"line":70,"column":6},"end":{"line":70,"column":null}},"23":{"start":{"line":71,"column":6},"end":{"line":71,"column":null}},"24":{"start":{"line":71,"column":22},"end":{"line":71,"column":null}},"25":{"start":{"line":72,"column":6},"end":{"line":72,"column":null}},"26":{"start":{"line":72,"column":20},"end":{"line":72,"column":null}},"27":{"start":{"line":75,"column":17},"end":{"line":75,"column":36}},"28":{"start":{"line":76,"column":17},"end":{"line":76,"column":48}},"29":{"start":{"line":78,"column":34},"end":{"line":87,"column":6}},"30":{"start":{"line":89,"column":4},"end":{"line":97,"column":null}},"31":{"start":{"line":101,"column":24},"end":{"line":104,"column":6}},"32":{"start":{"line":106,"column":4},"end":{"line":108,"column":null}},"33":{"start":{"line":107,"column":6},"end":{"line":107,"column":null}},"34":{"start":{"line":110,"column":4},"end":{"line":110,"column":null}},"35":{"start":{"line":114,"column":21},"end":{"line":114,"column":36}},"36":{"start":{"line":115,"column":4},"end":{"line":117,"column":null}},"37":{"start":{"line":116,"column":6},"end":{"line":116,"column":null}},"38":{"start":{"line":119,"column":4},"end":{"line":121,"column":null}},"39":{"start":{"line":120,"column":6},"end":{"line":120,"column":null}},"40":{"start":{"line":123,"column":4},"end":{"line":133,"column":null}},"41":{"start":{"line":137,"column":21},"end":{"line":137,"column":62}},"42":{"start":{"line":139,"column":21},"end":{"line":139,"column":36}},"43":{"start":{"line":140,"column":4},"end":{"line":142,"column":null}},"44":{"start":{"line":141,"column":6},"end":{"line":141,"column":null}},"45":{"start":{"line":144,"column":4},"end":{"line":154,"column":null}},"46":{"start":{"line":158,"column":21},"end":{"line":158,"column":62}},"47":{"start":{"line":159,"column":4},"end":{"line":159,"column":null}},"48":{"start":{"line":160,"column":4},"end":{"line":160,"column":null}},"49":{"start":{"line":164,"column":25},"end":{"line":168,"column":6}},"50":{"start":{"line":170,"column":20},"end":{"line":177,"column":6}},"51":{"start":{"line":170,"column":44},"end":{"line":177,"column":5}},"52":{"start":{"line":179,"column":4},"end":{"line":191,"column":null}},"53":{"start":{"line":180,"column":6},"end":{"line":190,"column":null}},"54":{"start":{"line":187,"column":10},"end":{"line":187,"column":null}},"55":{"start":{"line":187,"column":19},"end":{"line":187,"column":null}},"56":{"start":{"line":188,"column":10},"end":{"line":188,"column":null}}},"fnMap":{"0":{"name":"resolveCategory","decl":{"start":{"line":11,"column":15},"end":{"line":11,"column":30}},"loc":{"start":{"line":11,"column":83},"end":{"line":52,"column":null}},"line":11},"1":{"name":"getTransactions","decl":{"start":{"line":54,"column":15},"end":{"line":54,"column":30}},"loc":{"start":{"line":54,"column":113},"end":{"line":98,"column":null}},"line":54},"2":{"name":"getTransactionById","decl":{"start":{"line":100,"column":15},"end":{"line":100,"column":33}},"loc":{"start":{"line":100,"column":46},"end":{"line":111,"column":null}},"line":100},"3":{"name":"createTransaction","decl":{"start":{"line":113,"column":15},"end":{"line":113,"column":32}},"loc":{"start":{"line":113,"column":47},"end":{"line":134,"column":null}},"line":113},"4":{"name":"updateTransaction","decl":{"start":{"line":136,"column":15},"end":{"line":136,"column":32}},"loc":{"start":{"line":136,"column":51},"end":{"line":155,"column":null}},"line":136},"5":{"name":"deleteTransaction","decl":{"start":{"line":157,"column":15},"end":{"line":157,"column":32}},"loc":{"start":{"line":157,"column":45},"end":{"line":161,"column":null}},"line":157},"6":{"name":"exportCsv","decl":{"start":{"line":163,"column":15},"end":{"line":163,"column":24}},"loc":{"start":{"line":163,"column":33},"end":{"line":192,"column":null}},"line":163},"7":{"name":"(anonymous_7)","decl":{"start":{"line":170,"column":37},"end":{"line":170,"column":38}},"loc":{"start":{"line":170,"column":44},"end":{"line":177,"column":5}},"line":170},"8":{"name":"(anonymous_8)","decl":{"start":{"line":179,"column":23},"end":{"line":179,"column":24}},"loc":{"start":{"line":179,"column":44},"end":{"line":191,"column":5}},"line":179},"9":{"name":"(anonymous_9)","decl":{"start":{"line":186,"column":8},"end":{"line":186,"column":9}},"loc":{"start":{"line":186,"column":25},"end":{"line":189,"column":null}},"line":186}},"branchMap":{"0":{"loc":{"start":{"line":11,"column":65},"end":{"line":11,"column":81}},"type":"default-arg","locations":[{"start":{"line":11,"column":72},"end":{"line":11,"column":81}}],"line":11},"1":{"loc":{"start":{"line":12,"column":4},"end":{"line":38,"column":null}},"type":"if","locations":[{"start":{"line":12,"column":4},"end":{"line":38,"column":null}},{"start":{},"end":{}}],"line":12},"2":{"loc":{"start":{"line":12,"column":8},"end":{"line":12,"column":50}},"type":"binary-expr","locations":[{"start":{"line":12,"column":8},"end":{"line":12,"column":20}},{"start":{"line":12,"column":24},"end":{"line":12,"column":50}}],"line":12},"3":{"loc":{"start":{"line":19,"column":6},"end":{"line":23,"column":null}},"type":"if","locations":[{"start":{"line":19,"column":6},"end":{"line":23,"column":null}},{"start":{},"end":{}}],"line":19},"4":{"loc":{"start":{"line":25,"column":6},"end":{"line":35,"column":null}},"type":"if","locations":[{"start":{"line":25,"column":6},"end":{"line":35,"column":null}},{"start":{},"end":{}}],"line":25},"5":{"loc":{"start":{"line":40,"column":4},"end":{"line":49,"column":null}},"type":"if","locations":[{"start":{"line":40,"column":4},"end":{"line":49,"column":null}},{"start":{},"end":{}}],"line":40},"6":{"loc":{"start":{"line":48,"column":13},"end":{"line":48,"column":42}},"type":"cond-expr","locations":[{"start":{"line":48,"column":24},"end":{"line":48,"column":35}},{"start":{"line":48,"column":38},"end":{"line":48,"column":42}}],"line":48},"7":{"loc":{"start":{"line":54,"column":89},"end":{"line":54,"column":99}},"type":"default-arg","locations":[{"start":{"line":54,"column":97},"end":{"line":54,"column":99}}],"line":54},"8":{"loc":{"start":{"line":54,"column":101},"end":{"line":54,"column":109}},"type":"default-arg","locations":[{"start":{"line":54,"column":108},"end":{"line":54,"column":109}}],"line":54},"9":{"loc":{"start":{"line":57,"column":4},"end":{"line":59,"column":null}},"type":"if","locations":[{"start":{"line":57,"column":4},"end":{"line":59,"column":null}},{"start":{},"end":{}}],"line":57},"10":{"loc":{"start":{"line":57,"column":8},"end":{"line":57,"column":52}},"type":"binary-expr","locations":[{"start":{"line":57,"column":8},"end":{"line":57,"column":12}},{"start":{"line":57,"column":16},"end":{"line":57,"column":52}}],"line":57},"11":{"loc":{"start":{"line":61,"column":4},"end":{"line":63,"column":null}},"type":"if","locations":[{"start":{"line":61,"column":4},"end":{"line":63,"column":null}},{"start":{},"end":{}}],"line":61},"12":{"loc":{"start":{"line":65,"column":4},"end":{"line":67,"column":null}},"type":"if","locations":[{"start":{"line":65,"column":4},"end":{"line":67,"column":null}},{"start":{},"end":{}}],"line":65},"13":{"loc":{"start":{"line":65,"column":8},"end":{"line":65,"column":38}},"type":"binary-expr","locations":[{"start":{"line":65,"column":8},"end":{"line":65,"column":14}},{"start":{"line":65,"column":18},"end":{"line":65,"column":38}}],"line":65},"14":{"loc":{"start":{"line":69,"column":4},"end":{"line":73,"column":null}},"type":"if","locations":[{"start":{"line":69,"column":4},"end":{"line":73,"column":null}},{"start":{},"end":{}}],"line":69},"15":{"loc":{"start":{"line":69,"column":8},"end":{"line":69,"column":30}},"type":"binary-expr","locations":[{"start":{"line":69,"column":8},"end":{"line":69,"column":18}},{"start":{"line":69,"column":22},"end":{"line":69,"column":30}}],"line":69},"16":{"loc":{"start":{"line":71,"column":6},"end":{"line":71,"column":null}},"type":"if","locations":[{"start":{"line":71,"column":6},"end":{"line":71,"column":null}},{"start":{},"end":{}}],"line":71},"17":{"loc":{"start":{"line":72,"column":6},"end":{"line":72,"column":null}},"type":"if","locations":[{"start":{"line":72,"column":6},"end":{"line":72,"column":null}},{"start":{},"end":{}}],"line":72},"18":{"loc":{"start":{"line":106,"column":4},"end":{"line":108,"column":null}},"type":"if","locations":[{"start":{"line":106,"column":4},"end":{"line":108,"column":null}},{"start":{},"end":{}}],"line":106},"19":{"loc":{"start":{"line":115,"column":4},"end":{"line":117,"column":null}},"type":"if","locations":[{"start":{"line":115,"column":4},"end":{"line":117,"column":null}},{"start":{},"end":{}}],"line":115},"20":{"loc":{"start":{"line":115,"column":8},"end":{"line":115,"column":41}},"type":"binary-expr","locations":[{"start":{"line":115,"column":8},"end":{"line":115,"column":19}},{"start":{"line":115,"column":23},"end":{"line":115,"column":41}}],"line":115},"21":{"loc":{"start":{"line":119,"column":4},"end":{"line":121,"column":null}},"type":"if","locations":[{"start":{"line":119,"column":4},"end":{"line":121,"column":null}},{"start":{},"end":{}}],"line":119},"22":{"loc":{"start":{"line":129,"column":21},"end":{"line":129,"column":43}},"type":"binary-expr","locations":[{"start":{"line":129,"column":21},"end":{"line":129,"column":37}},{"start":{"line":129,"column":41},"end":{"line":129,"column":43}}],"line":129},"23":{"loc":{"start":{"line":130,"column":25},"end":{"line":130,"column":141}},"type":"cond-expr","locations":[{"start":{"line":130,"column":73},"end":{"line":130,"column":128}},{"start":{"line":130,"column":131},"end":{"line":130,"column":141}}],"line":130},"24":{"loc":{"start":{"line":130,"column":25},"end":{"line":130,"column":70}},"type":"binary-expr","locations":[{"start":{"line":130,"column":25},"end":{"line":130,"column":45}},{"start":{"line":130,"column":49},"end":{"line":130,"column":70}}],"line":130},"25":{"loc":{"start":{"line":130,"column":82},"end":{"line":130,"column":127}},"type":"binary-expr","locations":[{"start":{"line":130,"column":82},"end":{"line":130,"column":102}},{"start":{"line":130,"column":106},"end":{"line":130,"column":127}}],"line":130},"26":{"loc":{"start":{"line":140,"column":4},"end":{"line":142,"column":null}},"type":"if","locations":[{"start":{"line":140,"column":4},"end":{"line":142,"column":null}},{"start":{},"end":{}}],"line":140},"27":{"loc":{"start":{"line":140,"column":8},"end":{"line":140,"column":41}},"type":"binary-expr","locations":[{"start":{"line":140,"column":8},"end":{"line":140,"column":19}},{"start":{"line":140,"column":23},"end":{"line":140,"column":41}}],"line":140},"28":{"loc":{"start":{"line":141,"column":80},"end":{"line":141,"column":106}},"type":"binary-expr","locations":[{"start":{"line":141,"column":80},"end":{"line":141,"column":89}},{"start":{"line":141,"column":93},"end":{"line":141,"column":106}}],"line":141},"29":{"loc":{"start":{"line":147,"column":20},"end":{"line":147,"column":79}},"type":"cond-expr","locations":[{"start":{"line":147,"column":33},"end":{"line":147,"column":57}},{"start":{"line":147,"column":60},"end":{"line":147,"column":79}}],"line":147},"30":{"loc":{"start":{"line":148,"column":14},"end":{"line":148,"column":40}},"type":"binary-expr","locations":[{"start":{"line":148,"column":14},"end":{"line":148,"column":23}},{"start":{"line":148,"column":27},"end":{"line":148,"column":40}}],"line":148},"31":{"loc":{"start":{"line":149,"column":16},"end":{"line":149,"column":71}},"type":"cond-expr","locations":[{"start":{"line":149,"column":30},"end":{"line":149,"column":53}},{"start":{"line":149,"column":56},"end":{"line":149,"column":71}}],"line":149},"32":{"loc":{"start":{"line":150,"column":21},"end":{"line":150,"column":93}},"type":"cond-expr","locations":[{"start":{"line":150,"column":54},"end":{"line":150,"column":70}},{"start":{"line":150,"column":73},"end":{"line":150,"column":93}}],"line":150},"33":{"loc":{"start":{"line":151,"column":25},"end":{"line":151,"column":155}},"type":"cond-expr","locations":[{"start":{"line":151,"column":73},"end":{"line":151,"column":128}},{"start":{"line":151,"column":131},"end":{"line":151,"column":155}}],"line":151},"34":{"loc":{"start":{"line":151,"column":25},"end":{"line":151,"column":70}},"type":"binary-expr","locations":[{"start":{"line":151,"column":25},"end":{"line":151,"column":45}},{"start":{"line":151,"column":49},"end":{"line":151,"column":70}}],"line":151},"35":{"loc":{"start":{"line":151,"column":82},"end":{"line":151,"column":127}},"type":"binary-expr","locations":[{"start":{"line":151,"column":82},"end":{"line":151,"column":102}},{"start":{"line":151,"column":106},"end":{"line":151,"column":127}}],"line":151},"36":{"loc":{"start":{"line":172,"column":6},"end":{"line":172,"column":49}},"type":"cond-expr","locations":[{"start":{"line":172,"column":28},"end":{"line":172,"column":37}},{"start":{"line":172,"column":40},"end":{"line":172,"column":49}}],"line":172},"37":{"loc":{"start":{"line":174,"column":6},"end":{"line":174,"column":39}},"type":"cond-expr","locations":[{"start":{"line":174,"column":19},"end":{"line":174,"column":34}},{"start":{"line":174,"column":37},"end":{"line":174,"column":39}}],"line":174},"38":{"loc":{"start":{"line":175,"column":6},"end":{"line":175,"column":25}},"type":"binary-expr","locations":[{"start":{"line":175,"column":6},"end":{"line":175,"column":19}},{"start":{"line":175,"column":23},"end":{"line":175,"column":25}}],"line":175},"39":{"loc":{"start":{"line":187,"column":10},"end":{"line":187,"column":null}},"type":"if","locations":[{"start":{"line":187,"column":10},"end":{"line":187,"column":null}},{"start":{},"end":{}}],"line":187}},"s":{"0":1,"1":0,"2":0,"3":0,"4":0,"5":0,"6":0,"7":0,"8":0,"9":0,"10":0,"11":0,"12":0,"13":0,"14":1,"15":1,"16":0,"17":1,"18":0,"19":1,"20":0,"21":1,"22":0,"23":0,"24":0,"25":0,"26":0,"27":1,"28":1,"29":1,"30":1,"31":0,"32":0,"33":0,"34":0,"35":1,"36":1,"37":0,"38":1,"39":0,"40":1,"41":0,"42":0,"43":0,"44":0,"45":0,"46":0,"47":0,"48":0,"49":0,"50":0,"51":0,"52":0,"53":0,"54":0,"55":0,"56":0},"f":{"0":1,"1":1,"2":1,"3":1,"4":1,"5":1,"6":1,"7":0,"8":0,"9":0},"b":{"0":[0],"1":[0,0],"2":[0,0],"3":[0,0],"4":[0,0],"5":[0,0],"6":[0,0],"7":[1],"8":[1],"9":[0,1],"10":[1,0],"11":[0,1],"12":[0,1],"13":[1,0],"14":[0,1],"15":[1,1],"16":[0,0],"17":[0,0],"18":[0,0],"19":[0,1],"20":[1,0],"21":[0,1],"22":[1,1],"23":[0,1],"24":[1,1],"25":[0,0],"26":[0,0],"27":[0,0],"28":[0,0],"29":[0,0],"30":[0,0],"31":[0,0],"32":[0,0],"33":[0,0],"34":[0,0],"35":[0,0],"36":[0,0],"37":[0,0],"38":[0,0],"39":[0,0]},"meta":{"lastBranch":40,"lastFunction":10,"lastStatement":57,"seen":{"s:5:15:5:33":0,"f:11:15:11:30":0,"b:11:72:11:81":0,"b:12:4:38:Infinity:undefined:undefined:undefined:undefined":1,"s:12:4:38:Infinity":1,"b:12:8:12:20:12:24:12:50":2,"s:13:19:13:38":2,"s:15:21:17:8":3,"b:19:6:23:Infinity:undefined:undefined:undefined:undefined":3,"s:19:6:23:Infinity":4,"s:20:8:22:Infinity":5,"b:25:6:35:Infinity:undefined:undefined:undefined:undefined":4,"s:25:6:35:Infinity":6,"s:26:8:34:Infinity":7,"s:37:6:37:Infinity":8,"b:40:4:49:Infinity:undefined:undefined:undefined:undefined":5,"s:40:4:49:Infinity":9,"s:41:23:41:47":10,"s:42:23:47:8":11,"s:48:6:48:Infinity":12,"b:48:24:48:35:48:38:48:42":6,"s:51:4:51:Infinity":13,"f:54:15:54:30":1,"b:54:97:54:99":7,"b:54:108:54:109":8,"s:55:18:55:28":14,"b:57:4:59:Infinity:undefined:undefined:undefined:undefined":9,"s:57:4:59:Infinity":15,"b:57:8:57:12:57:16:57:52":10,"s:58:6:58:Infinity":16,"b:61:4:63:Infinity:undefined:undefined:undefined:undefined":11,"s:61:4:63:Infinity":17,"s:62:6:62:Infinity":18,"b:65:4:67:Infinity:undefined:undefined:undefined:undefined":12,"s:65:4:67:Infinity":19,"b:65:8:65:14:65:18:65:38":13,"s:66:6:66:Infinity":20,"b:69:4:73:Infinity:undefined:undefined:undefined:undefined":14,"s:69:4:73:Infinity":21,"b:69:8:69:18:69:22:69:30":15,"s:70:6:70:Infinity":22,"b:71:6:71:Infinity:undefined:undefined:undefined:undefined":16,"s:71:6:71:Infinity":23,"s:71:22:71:Infinity":24,"b:72:6:72:Infinity:undefined:undefined:undefined:undefined":17,"s:72:6:72:Infinity":25,"s:72:20:72:Infinity":26,"s:75:17:75:36":27,"s:76:17:76:48":28,"s:78:34:87:6":29,"s:89:4:97:Infinity":30,"f:100:15:100:33":2,"s:101:24:104:6":31,"b:106:4:108:Infinity:undefined:undefined:undefined:undefined":18,"s:106:4:108:Infinity":32,"s:107:6:107:Infinity":33,"s:110:4:110:Infinity":34,"f:113:15:113:32":3,"s:114:21:114:36":35,"b:115:4:117:Infinity:undefined:undefined:undefined:undefined":19,"s:115:4:117:Infinity":36,"b:115:8:115:19:115:23:115:41":20,"s:116:6:116:Infinity":37,"b:119:4:121:Infinity:undefined:undefined:undefined:undefined":21,"s:119:4:121:Infinity":38,"s:120:6:120:Infinity":39,"s:123:4:133:Infinity":40,"b:129:21:129:37:129:41:129:43":22,"b:130:73:130:128:130:131:130:141":23,"b:130:25:130:45:130:49:130:70":24,"b:130:82:130:102:130:106:130:127":25,"f:136:15:136:32":4,"s:137:21:137:62":41,"s:139:21:139:36":42,"b:140:4:142:Infinity:undefined:undefined:undefined:undefined":26,"s:140:4:142:Infinity":43,"b:140:8:140:19:140:23:140:41":27,"s:141:6:141:Infinity":44,"b:141:80:141:89:141:93:141:106":28,"s:144:4:154:Infinity":45,"b:147:33:147:57:147:60:147:79":29,"b:148:14:148:23:148:27:148:40":30,"b:149:30:149:53:149:56:149:71":31,"b:150:54:150:70:150:73:150:93":32,"b:151:73:151:128:151:131:151:155":33,"b:151:25:151:45:151:49:151:70":34,"b:151:82:151:102:151:106:151:127":35,"f:157:15:157:32":5,"s:158:21:158:62":46,"s:159:4:159:Infinity":47,"s:160:4:160:Infinity":48,"f:163:15:163:24":6,"s:164:25:168:6":49,"s:170:20:177:6":50,"f:170:37:170:38":7,"s:170:44:177:5":51,"b:172:28:172:37:172:40:172:49":36,"b:174:19:174:34:174:37:174:39":37,"b:175:6:175:19:175:23:175:25":38,"s:179:4:191:Infinity":52,"f:179:23:179:24":8,"s:180:6:190:Infinity":53,"f:186:8:186:9":9,"b:187:10:187:Infinity:undefined:undefined:undefined:undefined":39,"s:187:10:187:Infinity":54,"s:187:19:187:Infinity":55,"s:188:10:188:Infinity":56},"fnNames":{}}}
,"D:\\OSPanel\\home\\Smart Finance Tracker\\src\\services\\userService.js": {"path":"D:\\OSPanel\\home\\Smart Finance Tracker\\src\\services\\userService.js","statementMap":{"0":{"start":{"line":5,"column":15},"end":{"line":5,"column":33}},"1":{"start":{"line":9,"column":17},"end":{"line":9,"column":67}},"2":{"start":{"line":11,"column":4},"end":{"line":13,"column":null}},"3":{"start":{"line":12,"column":6},"end":{"line":12,"column":null}},"4":{"start":{"line":15,"column":4},"end":{"line":20,"column":null}},"5":{"start":{"line":24,"column":21},"end":{"line":24,"column":71}},"6":{"start":{"line":25,"column":4},"end":{"line":27,"column":null}},"7":{"start":{"line":26,"column":6},"end":{"line":26,"column":null}},"8":{"start":{"line":29,"column":27},"end":{"line":29,"column":58}},"9":{"start":{"line":30,"column":17},"end":{"line":37,"column":6}},"10":{"start":{"line":39,"column":4},"end":{"line":44,"column":null}},"11":{"start":{"line":48,"column":17},"end":{"line":48,"column":72}},"12":{"start":{"line":49,"column":4},"end":{"line":51,"column":null}},"13":{"start":{"line":50,"column":6},"end":{"line":50,"column":null}},"14":{"start":{"line":53,"column":4},"end":{"line":58,"column":null}},"15":{"start":{"line":54,"column":23},"end":{"line":54,"column":73}},"16":{"start":{"line":55,"column":6},"end":{"line":57,"column":null}},"17":{"start":{"line":56,"column":8},"end":{"line":56,"column":null}},"18":{"start":{"line":60,"column":20},"end":{"line":63,"column":6}},"19":{"start":{"line":65,"column":4},"end":{"line":70,"column":null}},"20":{"start":{"line":74,"column":17},"end":{"line":74,"column":72}},"21":{"start":{"line":75,"column":4},"end":{"line":77,"column":null}},"22":{"start":{"line":76,"column":6},"end":{"line":76,"column":null}},"23":{"start":{"line":79,"column":4},"end":{"line":81,"column":null}},"24":{"start":{"line":80,"column":6},"end":{"line":80,"column":null}},"25":{"start":{"line":83,"column":27},"end":{"line":83,"column":61}},"26":{"start":{"line":84,"column":4},"end":{"line":87,"column":null}},"27":{"start":{"line":89,"column":4},"end":{"line":89,"column":null}}},"fnMap":{"0":{"name":"authenticateUser","decl":{"start":{"line":8,"column":15},"end":{"line":8,"column":31}},"loc":{"start":{"line":8,"column":49},"end":{"line":21,"column":null}},"line":8},"1":{"name":"registerUser","decl":{"start":{"line":23,"column":15},"end":{"line":23,"column":27}},"loc":{"start":{"line":23,"column":51},"end":{"line":45,"column":null}},"line":23},"2":{"name":"updateProfile","decl":{"start":{"line":47,"column":15},"end":{"line":47,"column":28}},"loc":{"start":{"line":47,"column":50},"end":{"line":71,"column":null}},"line":47},"3":{"name":"updatePassword","decl":{"start":{"line":73,"column":15},"end":{"line":73,"column":29}},"loc":{"start":{"line":73,"column":68},"end":{"line":90,"column":null}},"line":73}},"branchMap":{"0":{"loc":{"start":{"line":11,"column":4},"end":{"line":13,"column":null}},"type":"if","locations":[{"start":{"line":11,"column":4},"end":{"line":13,"column":null}},{"start":{},"end":{}}],"line":11},"1":{"loc":{"start":{"line":11,"column":8},"end":{"line":11,"column":65}},"type":"binary-expr","locations":[{"start":{"line":11,"column":8},"end":{"line":11,"column":13}},{"start":{"line":11,"column":17},"end":{"line":11,"column":65}}],"line":11},"2":{"loc":{"start":{"line":25,"column":4},"end":{"line":27,"column":null}},"type":"if","locations":[{"start":{"line":25,"column":4},"end":{"line":27,"column":null}},{"start":{},"end":{}}],"line":25},"3":{"loc":{"start":{"line":49,"column":4},"end":{"line":51,"column":null}},"type":"if","locations":[{"start":{"line":49,"column":4},"end":{"line":51,"column":null}},{"start":{},"end":{}}],"line":49},"4":{"loc":{"start":{"line":53,"column":4},"end":{"line":58,"column":null}},"type":"if","locations":[{"start":{"line":53,"column":4},"end":{"line":58,"column":null}},{"start":{},"end":{}}],"line":53},"5":{"loc":{"start":{"line":55,"column":6},"end":{"line":57,"column":null}},"type":"if","locations":[{"start":{"line":55,"column":6},"end":{"line":57,"column":null}},{"start":{},"end":{}}],"line":55},"6":{"loc":{"start":{"line":75,"column":4},"end":{"line":77,"column":null}},"type":"if","locations":[{"start":{"line":75,"column":4},"end":{"line":77,"column":null}},{"start":{},"end":{}}],"line":75},"7":{"loc":{"start":{"line":79,"column":4},"end":{"line":81,"column":null}},"type":"if","locations":[{"start":{"line":79,"column":4},"end":{"line":81,"column":null}},{"start":{},"end":{}}],"line":79}},"s":{"0":1,"1":2,"2":2,"3":1,"4":1,"5":0,"6":0,"7":0,"8":0,"9":0,"10":0,"11":0,"12":0,"13":0,"14":0,"15":0,"16":0,"17":0,"18":0,"19":0,"20":0,"21":0,"22":0,"23":0,"24":0,"25":0,"26":0,"27":0},"f":{"0":1,"1":1,"2":1,"3":1},"b":{"0":[1,1],"1":[2,2],"2":[0,0],"3":[0,0],"4":[0,0],"5":[0,0],"6":[0,0],"7":[0,0]},"meta":{"lastBranch":8,"lastFunction":4,"lastStatement":28,"seen":{"s:5:15:5:33":0,"f:8:15:8:31":0,"s:9:17:9:67":1,"b:11:4:13:Infinity:undefined:undefined:undefined:undefined":0,"s:11:4:13:Infinity":2,"b:11:8:11:13:11:17:11:65":1,"s:12:6:12:Infinity":3,"s:15:4:20:Infinity":4,"f:23:15:23:27":1,"s:24:21:24:71":5,"b:25:4:27:Infinity:undefined:undefined:undefined:undefined":2,"s:25:4:27:Infinity":6,"s:26:6:26:Infinity":7,"s:29:27:29:58":8,"s:30:17:37:6":9,"s:39:4:44:Infinity":10,"f:47:15:47:28":2,"s:48:17:48:72":11,"b:49:4:51:Infinity:undefined:undefined:undefined:undefined":3,"s:49:4:51:Infinity":12,"s:50:6:50:Infinity":13,"b:53:4:58:Infinity:undefined:undefined:undefined:undefined":4,"s:53:4:58:Infinity":14,"s:54:23:54:73":15,"b:55:6:57:Infinity:undefined:undefined:undefined:undefined":5,"s:55:6:57:Infinity":16,"s:56:8:56:Infinity":17,"s:60:20:63:6":18,"s:65:4:70:Infinity":19,"f:73:15:73:29":3,"s:74:17:74:72":20,"b:75:4:77:Infinity:undefined:undefined:undefined:undefined":6,"s:75:4:77:Infinity":21,"s:76:6:76:Infinity":22,"b:79:4:81:Infinity:undefined:undefined:undefined:undefined":7,"s:79:4:81:Infinity":23,"s:80:6:80:Infinity":24,"s:83:27:83:61":25,"s:84:4:87:Infinity":26,"s:89:4:89:Infinity":27},"fnNames":{}}}
,"D:\\OSPanel\\home\\Smart Finance Tracker\\src\\utils\\AppError.js": {"path":"D:\\OSPanel\\home\\Smart Finance Tracker\\src\\utils\\AppError.js","statementMap":{"0":{"start":{"line":3,"column":4},"end":{"line":3,"column":null}},"1":{"start":{"line":4,"column":4},"end":{"line":4,"column":null}},"2":{"start":{"line":5,"column":4},"end":{"line":5,"column":null}},"3":{"start":{"line":6,"column":4},"end":{"line":6,"column":null}},"4":{"start":{"line":7,"column":4},"end":{"line":7,"column":null}},"5":{"start":{"line":9,"column":4},"end":{"line":9,"column":null}}},"fnMap":{"0":{"name":"constructor","decl":{"start":{"line":2,"column":2},"end":{"line":2,"column":13}},"loc":{"start":{"line":2,"column":56},"end":{"line":10,"column":null}},"line":2}},"branchMap":{"0":{"loc":{"start":{"line":2,"column":23},"end":{"line":2,"column":39}},"type":"default-arg","locations":[{"start":{"line":2,"column":36},"end":{"line":2,"column":39}}],"line":2},"1":{"loc":{"start":{"line":2,"column":41},"end":{"line":2,"column":54}},"type":"default-arg","locations":[{"start":{"line":2,"column":50},"end":{"line":2,"column":54}}],"line":2},"2":{"loc":{"start":{"line":5,"column":18},"end":{"line":5,"column":68}},"type":"cond-expr","locations":[{"start":{"line":5,"column":52},"end":{"line":5,"column":58}},{"start":{"line":5,"column":61},"end":{"line":5,"column":68}}],"line":5}},"s":{"0":1,"1":1,"2":1,"3":1,"4":1,"5":1},"f":{"0":1},"b":{"0":[1],"1":[1],"2":[1,0]},"meta":{"lastBranch":3,"lastFunction":1,"lastStatement":6,"seen":{"f:2:2:2:13":0,"b:2:36:2:39":0,"b:2:50:2:54":1,"s:3:4:3:Infinity":0,"s:4:4:4:Infinity":1,"s:5:4:5:Infinity":2,"b:5:52:5:58:5:61:5:68":2,"s:6:4:6:Infinity":3,"s:7:4:7:Infinity":4,"s:9:4:9:Infinity":5},"fnNames":{}}}
}
